<?xml version="1.0" encoding="UTF-8"?>
<testng-results ignored="0" total="9" passed="9" failed="0" skipped="0">
  <reporter-output>
  </reporter-output>
  <suite started-at="2023-04-28T19:47:26 IST" name="All Test Suite" finished-at="2023-04-28T19:48:35 IST" duration-ms="68525">
    <groups>
    </groups>
    <test started-at="2023-04-28T19:47:26 IST" name="C:/Users/manim/IdeaProjects/FinalTeamProject/src/test/java/org/example/AppTest.java" finished-at="2023-04-28T19:48:35 IST" duration-ms="68525">
      <class name="org.example.AppTest">
        <test-method signature="VerifyProfileTest()[pri:1, instance:org.example.AppTest@6441c486]" started-at="2023-04-28T19:47:26 IST" name="VerifyProfileTest" finished-at="2023-04-28T19:47:29 IST" duration-ms="2568" status="PASS">
          <reporter-output>
          </reporter-output>
        </test-method> <!-- VerifyProfileTest -->
        <test-method signature="pressLogin()[pri:2, instance:org.example.AppTest@6441c486]" started-at="2023-04-28T19:47:29 IST" name="pressLogin" finished-at="2023-04-28T19:47:29 IST" duration-ms="33" status="PASS">
          <reporter-output>
          </reporter-output>
        </test-method> <!-- pressLogin -->
        <test-method signature="enterWrongDetails()[pri:3, instance:org.example.AppTest@6441c486]" started-at="2023-04-28T19:47:29 IST" name="enterWrongDetails" finished-at="2023-04-28T19:47:29 IST" duration-ms="102" status="PASS">
          <reporter-output>
          </reporter-output>
        </test-method> <!-- enterWrongDetails -->
        <test-method signature="clearDetails()[pri:4, instance:org.example.AppTest@6441c486]" started-at="2023-04-28T19:47:29 IST" name="clearDetails" finished-at="2023-04-28T19:47:31 IST" duration-ms="2116" status="PASS">
          <reporter-output>
          </reporter-output>
        </test-method> <!-- clearDetails -->
        <test-method signature="enterCorrectDetails()[pri:5, instance:org.example.AppTest@6441c486]" started-at="2023-04-28T19:47:31 IST" name="enterCorrectDetails" finished-at="2023-04-28T19:47:31 IST" duration-ms="125" status="PASS">
          <reporter-output>
          </reporter-output>
        </test-method> <!-- enterCorrectDetails -->
        <test-method signature="selectProduct()[pri:6, instance:org.example.AppTest@6441c486]" started-at="2023-04-28T19:47:31 IST" name="selectProduct" finished-at="2023-04-28T19:48:13 IST" duration-ms="41270" status="PASS">
          <reporter-output>
          </reporter-output>
        </test-method> <!-- selectProduct -->
        <test-method signature="selectIteam()[pri:7, instance:org.example.AppTest@6441c486]" started-at="2023-04-28T19:48:13 IST" name="selectIteam" finished-at="2023-04-28T19:48:18 IST" duration-ms="5472" status="PASS">
          <reporter-output>
          </reporter-output>
        </test-method> <!-- selectIteam -->
        <test-method signature="pressbtn()[pri:8, instance:org.example.AppTest@6441c486]" started-at="2023-04-28T19:48:18 IST" name="pressbtn" finished-at="2023-04-28T19:48:21 IST" duration-ms="3108" status="PASS">
          <reporter-output>
          </reporter-output>
        </test-method> <!-- pressbtn -->
        <test-method signature="pressAddToCart()[pri:9, instance:org.example.AppTest@6441c486]" started-at="2023-04-28T19:48:21 IST" name="pressAddToCart" finished-at="2023-04-28T19:48:35 IST" duration-ms="13702" status="PASS">
          <reporter-output>
          </reporter-output>
        </test-method> <!-- pressAddToCart -->
      </class> <!-- org.example.AppTest -->
    </test> <!-- C:/Users/manim/IdeaProjects/FinalTeamProject/src/test/java/org/example/AppTest.java -->
  </suite> <!-- All Test Suite -->
</testng-results>
